Arguments: 
  /usr/local/Cellar/node@14/14.21.2/bin/node /usr/local/bin/yarn install

PATH: 
  /usr/local/opt/node@14/bin:/Library/Frameworks/Python.framework/Versions/2.7/bin:/usr/local/bin:/usr/bin:/bin:/usr/sbin:/sbin:/usr/local/share/dotnet:~/.dotnet/tools:/Library/Apple/usr/bin:/usr/local/opt/node@14/bin:/Library/Frameworks/Python.framework/Versions/2.7/bin

Yarn version: 
  1.22.19

Node version: 
  14.21.2

Platform: 
  darwin x64

Trace: 
  SyntaxError: /Users/nexle/qtproject/Kiemdinhoto_StationServer/package.json: Unexpected string in JSON at position 1949
      at JSON.parse (<anonymous>)
      at /usr/local/lib/node_modules/yarn/lib/cli.js:1629:59
      at Generator.next (<anonymous>)
      at step (/usr/local/lib/node_modules/yarn/lib/cli.js:310:30)
      at /usr/local/lib/node_modules/yarn/lib/cli.js:321:13

npm manifest: 
  {
    "name": "ttdk",
    "version": "1.0.0",
    "description": "template for nodejs project with hapi",
    "main": "server.js",
    "dependencies": {
      "@google-cloud/text-to-speech": "^3.4.0",
      "aedes": "^0.46.1",
      "bcryptjs": "^2.4.3",
      "chai": "^4.3.4",
      "chai-http": "^4.3.0",
      "cheerio": "^1.0.0-rc.10",
      "child_process": "^1.0.2",
      "copyright-header": "^0.4.6",
      "crypto": "^1.0.1",
      "deep-diff": "^1.0.2",
      "dotenv": "^4.0.0",
      "faker": "^5.5.3",
      "fs": "0.0.1-security",
      "glue": "^4.1.0",
      "good": "^7.2.0",
      "good-console": "^6.4.0",
      "good-loggly": "^3.1.0",
      "good-squeeze": "^5.0.2",
      "hapi": "^16.4.3",
      "hapi-auth-jwt": "^4.0.0",
      "hapi-swagger": "^7.7.0",
      "http": "0.0.1-security",
      "husky": "^8.0.2",
      "inert": "^4.2.0",
      "jsonwebtoken": "^8.5.1",
      "knex": "^0.95.11",
      "kue": "^0.11.6",
      "lint-staged": "^13.1.0",
      "mocha": "^8.3.2",
      "mqtt": "^4.2.8",
      "mysql": "^2.15.0",
      "net": "^1.0.2",
      "node-cron": "^3.0.0",
      "node-tesseract-ocr": "^2.2.1",
      "node-wget": "^0.4.3",
      "nodemailer": "^6.7.2",
      "otplib": "^12.0.1",
      "path": "^0.12.7",
      "prettier": "^2.8.1",
      "qrcode": "^1.4.4",
      "request": "^2.88.2",
      "strong-soap": "^3.4.0",
      "request-ip": "^3.3.0",
      "vision": "^4.1.1",
      "websocket-stream": "^5.5.2",
      "winston": "^2.3.1",
      "xlsx": "^0.17.2"
    },
    "devDependencies": {
      "eslint": "^4.2.0",
      "nodemon": "^2.0.12"
    },
    "scripts": {
      "test": "mocha Test/index.js --timeout 15000 --exit",
      "start": "node server",
      "formatAll": "./node_modules/.bin/prettier --write '**/*.{js,jsx,ts,tsx,json,css,scss,md}' & ./node_modules/.bin/copyright-header copyright-header --fix --copyrightHolder 'TORITECH'",
      "format": "./node_modules/.bin/prettier --write '**/*.{js,jsx,ts,tsx,json,css,scss,md}'",
      "dev": "nodemon --exec 'yarn start'",
      "postinstall": "husky install"
      "dev": "nodemon --exec 'npm run eslint & npm start'"
    },
    "husky": {
      "hooks": {
        "pre-commit": "lint-staged"
      }
    },
    "lint-staged": {
      "src/**/*.{js,jsx,ts,tsx,json,css,scss,md}": [
        "yarn format",
        "git add"
      ]
    },
    "repository": {
      "type": "git",
      "url": "git+https://github.com/chaunnt/TemplateNodeJS_HapiAndMySQL"
    },
    "keywords": [
      "nodejs"
    ],
    "author": "ChauNNT",
    "license": "ISC",
    "bugs": {
      "url": "https://github.com/chaunnt/TemplateNodeJS_HapiAndMySQL/issues"
    },
    "homepage": "https://github.com/chaunnt/TemplateNodeJS_HapiAndMySQL#readme"
  }

yarn manifest: 
  No manifest

Lockfile: 
  No lockfile
